{
  "0 debug pnpm:scope": {
    "selected": 1
  },
  "1 error pnpm": {
    "code": "ELIFECYCLE",
    "errno": "ENOENT",
    "syscall": "spawn",
    "file": "sh",
    "pkgid": "redi-dev@1.0.0",
    "stage": "watch",
    "script": "vite build --watch",
    "pkgname": "redi-dev",
    "err": {
      "name": "pnpm",
      "message": "redi-dev@1.0.0 watch: `vite build --watch`\nspawn ENOENT",
      "code": "ELIFECYCLE",
      "stack": "pnpm: redi-dev@1.0.0 watch: `vite build --watch`\nspawn ENOENT\n    at ChildProcess.<anonymous> (/Users/bytedance/.nvm/versions/node/v14.16.0/lib/node_modules/pnpm/dist/pnpm.cjs:91462:22)\n    at ChildProcess.emit (events.js:315:20)\n    at maybeClose (internal/child_process.js:1048:16)\n    at Process.ChildProcess._handle.onexit (internal/child_process.js:288:5)"
    }
  }
}